<?xml version="1.0" encoding="UTF-8"?>
<robot generator="Robot 3.2.2 (Python 3.12.1 on win32)" generated="20240104 03:06:04.355" rpa="false">
<suite id="s1" name="RobotProject1" source="C:\Users\002ADC744\Robot\RobotProject1">
<suite id="s1-s1" name="Test1" source="C:\Users\002ADC744\Robot\RobotProject1\Test1">
<suite id="s1-s1-s1" name="Testsuite1" source="C:\Users\002ADC744\Robot\RobotProject1\Test1\Testsuite1.robot">
<kw name="Log" library="BuiltIn" type="setup">
<doc>Logs the given message with the given level.</doc>
<arguments>
<arg>i am inside suite setup</arg>
</arguments>
<msg timestamp="20240104 03:06:04.637" level="INFO">i am inside suite setup</msg>
<status status="PASS" starttime="20240104 03:06:04.636" endtime="20240104 03:06:04.637"></status>
</kw>
<test id="s1-s1-s1-t1" name="SampleLoginTestforvariable">
<kw name="Log" library="BuiltIn" type="setup">
<doc>Logs the given message with the given level.</doc>
<arguments>
<arg>i am inside test setup</arg>
</arguments>
<msg timestamp="20240104 03:06:04.639" level="INFO">i am inside test setup</msg>
<status status="PASS" starttime="20240104 03:06:04.638" endtime="20240104 03:06:04.640"></status>
</kw>
<kw name="Open Browser" library="SeleniumLibrary">
<doc>Opens a new browser instance to the optional ``url``.</doc>
<arguments>
<arg>${URL}</arg>
<arg>chrome</arg>
</arguments>
<msg timestamp="20240104 03:06:04.641" level="INFO">Opening browser 'chrome' to base url 'https://opensource-demo.orangehrmlive.com/web/index.php/auth/login'.</msg>
<status status="PASS" starttime="20240104 03:06:04.640" endtime="20240104 03:06:10.530"></status>
</kw>
<kw name="Set Browser Implicit Wait" library="SeleniumLibrary">
<doc>Sets the implicit wait value used by Selenium.</doc>
<arguments>
<arg>5</arg>
</arguments>
<status status="PASS" starttime="20240104 03:06:10.531" endtime="20240104 03:06:10.534"></status>
</kw>
<kw name="LoginKW">
<kw name="Input Text" library="SeleniumLibrary">
<doc>Types the given ``text`` into the text field identified by ``locator``.</doc>
<arguments>
<arg>name=username</arg>
<arg>${USER}[0]</arg>
</arguments>
<msg timestamp="20240104 03:06:10.536" level="INFO">Typing text 'A' into text field 'name=username'.</msg>
<status status="PASS" starttime="20240104 03:06:10.535" endtime="20240104 03:06:11.841"></status>
</kw>
<kw name="Input Password" library="SeleniumLibrary">
<doc>Types the given password into the text field identified by ``locator``.</doc>
<arguments>
<arg>name=password</arg>
<arg>${CREDENTIALS}$[{EMPTY}password]</arg>
</arguments>
<msg timestamp="20240104 03:06:11.842" level="INFO">Typing password into text field 'name=password'.</msg>
<msg timestamp="20240104 03:06:11.892" level="INFO">Temporally setting log level to: NONE</msg>
<msg timestamp="20240104 03:06:12.047" level="INFO">Log level changed from NONE to INFO.</msg>
<status status="PASS" starttime="20240104 03:06:11.842" endtime="20240104 03:06:12.048"></status>
</kw>
<kw name="Click Button" library="SeleniumLibrary">
<doc>Clicks the button identified by ``locator``.</doc>
<arguments>
<arg>class=orangehrm-login-button</arg>
</arguments>
<msg timestamp="20240104 03:06:12.049" level="INFO">Clicking button 'class=orangehrm-login-button'.</msg>
<status status="PASS" starttime="20240104 03:06:12.048" endtime="20240104 03:06:12.936"></status>
</kw>
<status status="PASS" starttime="20240104 03:06:10.534" endtime="20240104 03:06:12.937"></status>
</kw>
<kw name="Click Element" library="SeleniumLibrary">
<doc>Click the element identified by ``locator``.</doc>
<arguments>
<arg>class=oxd-userdropdown-tab</arg>
</arguments>
<msg timestamp="20240104 03:06:12.939" level="INFO">Clicking element 'class=oxd-userdropdown-tab'.</msg>
<msg timestamp="20240104 03:06:16.381" level="WARN">Keyword 'Capture Page Screenshot' could not be run on failure: Message: no such window: target window already closed
from unknown error: web view not found
  (Session info: chrome=120.0.6099.130)
Stacktrace:
	GetHandleVerifier [0x00007FF75B042142+3514994]
	(No symbol) [0x00007FF75AC60CE2]
	(No symbol) [0x00007FF75AB076AA]
	(No symbol) [0x00007FF75AAE0AFD]
	(No symbol) [0x00007FF75AB7CB1B]
	(No symbol) [0x00007FF75AB9218F]
	(No symbol) [0x00007FF75AB75D93]
	(No symbol) [0x00007FF75AB44BDC]
	(No symbol) [0x00007FF75AB45C64]
	GetHandleVerifier [0x00007FF75B06E16B+3695259]
	GetHandleVerifier [0x00007FF75B0C6737+4057191]
	GetHandleVerifier [0x00007FF75B0BE4E3+4023827]
	GetHandleVerifier [0x00007FF75AD904F9+689705]
	(No symbol) [0x00007FF75AC6C048]
	(No symbol) [0x00007FF75AC68044]
	(No symbol) [0x00007FF75AC681C9]
	(No symbol) [0x00007FF75AC588C4]
	BaseThreadInitThunk [0x00007FFF48A3257D+29]
	RtlUserThreadStart [0x00007FFF490CAA58+40]
</msg>
<msg timestamp="20240104 03:06:16.529" level="FAIL">Element with locator 'class=oxd-userdropdown-tab' not found.</msg>
<status status="FAIL" starttime="20240104 03:06:12.938" endtime="20240104 03:06:16.530"></status>
</kw>
<kw name="Log" library="BuiltIn" type="teardown">
<doc>Logs the given message with the given level.</doc>
<arguments>
<arg>i am inside test teardown</arg>
</arguments>
<msg timestamp="20240104 03:06:16.532" level="INFO">i am inside test teardown</msg>
<status status="PASS" starttime="20240104 03:06:16.531" endtime="20240104 03:06:16.533"></status>
</kw>
<doc>This is a sample test</doc>
<tags>
<tag>Sanity</tag>
</tags>
<status status="FAIL" starttime="20240104 03:06:04.637" endtime="20240104 03:06:16.533" critical="yes">Element with locator 'class=oxd-userdropdown-tab' not found.</status>
</test>
<kw name="Log" library="BuiltIn" type="teardown">
<doc>Logs the given message with the given level.</doc>
<arguments>
<arg>i am inside suite teardown</arg>
</arguments>
<msg timestamp="20240104 03:06:16.535" level="INFO">i am inside suite teardown</msg>
<status status="PASS" starttime="20240104 03:06:16.534" endtime="20240104 03:06:16.535"></status>
</kw>
<status status="FAIL" starttime="20240104 03:06:04.408" endtime="20240104 03:06:16.536"></status>
</suite>
<status status="FAIL" starttime="20240104 03:06:04.406" endtime="20240104 03:06:16.540"></status>
</suite>
<status status="FAIL" starttime="20240104 03:06:04.391" endtime="20240104 03:06:16.542"></status>
</suite>
<statistics>
<total>
<stat pass="0" fail="1">Critical Tests</stat>
<stat pass="0" fail="1">All Tests</stat>
</total>
<tag>
<stat pass="0" fail="1">Sanity</stat>
</tag>
<suite>
<stat pass="0" fail="1" id="s1" name="RobotProject1">RobotProject1</stat>
<stat pass="0" fail="1" id="s1-s1" name="Test1">RobotProject1.Test1</stat>
<stat pass="0" fail="1" id="s1-s1-s1" name="Testsuite1">RobotProject1.Test1.Testsuite1</stat>
</suite>
</statistics>
<errors>
<msg timestamp="20240104 03:06:16.381" level="WARN">Keyword 'Capture Page Screenshot' could not be run on failure: Message: no such window: target window already closed
from unknown error: web view not found
  (Session info: chrome=120.0.6099.130)
Stacktrace:
	GetHandleVerifier [0x00007FF75B042142+3514994]
	(No symbol) [0x00007FF75AC60CE2]
	(No symbol) [0x00007FF75AB076AA]
	(No symbol) [0x00007FF75AAE0AFD]
	(No symbol) [0x00007FF75AB7CB1B]
	(No symbol) [0x00007FF75AB9218F]
	(No symbol) [0x00007FF75AB75D93]
	(No symbol) [0x00007FF75AB44BDC]
	(No symbol) [0x00007FF75AB45C64]
	GetHandleVerifier [0x00007FF75B06E16B+3695259]
	GetHandleVerifier [0x00007FF75B0C6737+4057191]
	GetHandleVerifier [0x00007FF75B0BE4E3+4023827]
	GetHandleVerifier [0x00007FF75AD904F9+689705]
	(No symbol) [0x00007FF75AC6C048]
	(No symbol) [0x00007FF75AC68044]
	(No symbol) [0x00007FF75AC681C9]
	(No symbol) [0x00007FF75AC588C4]
	BaseThreadInitThunk [0x00007FFF48A3257D+29]
	RtlUserThreadStart [0x00007FFF490CAA58+40]
</msg>
</errors>
</robot>
